        -:    0:Source:D:/Facultate/An1/Sem2/SDA/SDA_Lab1_TAD_Vector_Dinamic/Code/iteratorVectorDinamic.cpp
        -:    0:Graph:D:\Facultate\An1\Sem2\SDA\SDA_Lab1_TAD_Vector_Dinamic\Code\cmake-build-debug-coverage\CMakeFiles\Code.dir\iteratorVectorDinamic.cpp.gcno
        -:    0:Data:D:\Facultate\An1\Sem2\SDA\SDA_Lab1_TAD_Vector_Dinamic\Code\cmake-build-debug-coverage\CMakeFiles\Code.dir\iteratorVectorDinamic.cpp.gcda
        -:    0:Runs:1
        -:    1://
        -:    2:// Created by irchit on 3/30/2023.
        -:    3://
        -:    4:
        -:    5:#include "iteratorVectorDinamic.h"
        -:    6:
function _ZN21IteratorVectorDinamicC2ERK13VectorDinamic called 6 returned 100% blocks executed 100%
        6:    7:IteratorVectorDinamic::IteratorVectorDinamic(const VectorDinamic& _v) : v(_v) {
        -:    8:    /*
        -:    9:     * * Constructorul clasei IteratorVectorDinamic
        -:   10:     * * Complexitatea este theta(1)
        -:   11:     */
        6:   12:    this->pozitie = 0;
        6:   13:}
        -:   14:
function _ZN21IteratorVectorDinamic4primEv called 5 returned 100% blocks executed 100%
        5:   15:void IteratorVectorDinamic::prim() {
        -:   16:    /*
        -:   17:     * * Mutarea iteratorului la inceputul vectorului
        -:   18:     * * Complexitatea este theta(1)
        -:   19:     */
        5:   20:    this->pozitie = 0;
        5:   21:}
        -:   22:
function _ZNK21IteratorVectorDinamic5validEv called 800372 returned 100% blocks executed 100%
   800372:   23:bool IteratorVectorDinamic::valid() const{
        -:   24:    /*
        -:   25:     * * Verifica daca iteratorul este valid
        -:   26:     * * Complexitatea este theta(1)
        -:   27:     */
   800372:   28:    return (this->pozitie < this->v.dim());
   800372:   28-block  0
call    0 returned 800372
        -:   29:}
        -:   30:
function _ZNK21IteratorVectorDinamic7elementEv called 200121 returned 100% blocks executed 83%
   200121:   31:TElem IteratorVectorDinamic::element() const{
        -:   32:    /*
        -:   33:     * * Returneaza elementul de pe pozitia curenta
        -:   34:     * * Complexitatea este theta(1)
        -:   35:     */
   200121:   36:    if (this->valid())
   200121:   36-block  0
call    0 returned 200121
branch  1 taken 200121 (fallthrough)
branch  2 taken 0
   200121:   37:        return this->v.element(this->pozitie);
   200121:   37-block  0
call    0 returned 200121
    #####:   38:    return -1;
    %%%%%:   38-block  0
        -:   39:}
        -:   40:
function _ZN21IteratorVectorDinamic7urmatorEv called 400121 returned 100% blocks executed 100%
   400121:   41:void IteratorVectorDinamic::urmator() {
        -:   42:    /*
        -:   43:     * * Mutarea iteratorului la urmatoarea pozitie
        -:   44:     * * Complexitatea este theta(1)
        -:   45:     */
   400121:   46:    if (this->valid())
   400121:   46-block  0
call    0 returned 400121
branch  1 taken 400121 (fallthrough)
branch  2 taken 0
   400121:   47:        this->pozitie++;
   400121:   47-block  0
   400121:   48:}
