        -:    0:Source:D:/Facultate/An1/Sem2/SDA/SDA_Lab1_TAD_Vector_Dinamic/Code/main.cpp
        -:    0:Graph:D:\Facultate\An1\Sem2\SDA\SDA_Lab1_TAD_Vector_Dinamic\Code\cmake-build-debug-coverage\CMakeFiles\Code.dir\main.cpp.gcno
        -:    0:Data:D:\Facultate\An1\Sem2\SDA\SDA_Lab1_TAD_Vector_Dinamic\Code\cmake-build-debug-coverage\CMakeFiles\Code.dir\main.cpp.gcda
        -:    0:Runs:1
        -:    1:#include <iostream>
        -:    2:#include <cstring>
        -:    3:#include <vector>
        -:    4:#include "tests.h"
        -:    5:
        -:    6:void testAll();
        -:    7:
        -:    8:void testCerintaLab();
        -:    9:
function main called 1 returned 100% blocks executed 100%
        1:   10:int main() {
        1:   11:    testAll();
        1:   11-block  0
call    0 returned 1
        1:   12:    std::cout << "OK!\n";
call    0 returned 1
        1:   13:    std::cout << "Enter to close";
call    0 returned 1
        1:   14:    std::cin.get();
call    0 returned 1
        1:   15:    return 0;
        -:   16:}
        -:   17:
function _Z7testAllv called 1 returned 100% blocks executed 100%
        1:   18:void testAll() {
        1:   19:    testScurt();
        1:   19-block  0
call    0 returned 1
        1:   20:    testExtins();
call    0 returned 1
        1:   21:    testCerintaLab();
call    0 returned 1
        1:   22:}
        -:   23:
function _Z14testCerintaLabv called 1 returned 100% blocks executed 69%
        1:   24:void testCerintaLab() {
        1:   25:    VectorDinamic v(4);
        1:   25-block  0
call    0 returned 1
branch  1 taken 1 (fallthrough)
branch  2 taken 0 (throw)
        1:   26:    v.adaugaSfarsit(5);
        1:   26-block  0
call    0 returned 1
branch  1 taken 1 (fallthrough)
branch  2 taken 0 (throw)
        1:   27:    v.adaugaSfarsit(2);
        1:   27-block  0
call    0 returned 1
branch  1 taken 1 (fallthrough)
branch  2 taken 0 (throw)
        1:   28:    v.adaugaSfarsit(2);
        1:   28-block  0
call    0 returned 1
branch  1 taken 1 (fallthrough)
branch  2 taken 0 (throw)
        1:   29:    v.adaugaSfarsit(2);
        1:   29-block  0
call    0 returned 1
branch  1 taken 1 (fallthrough)
branch  2 taken 0 (throw)
        1:   30:    v.adaugaSfarsit(4);
        1:   30-block  0
call    0 returned 1
branch  1 taken 1 (fallthrough)
branch  2 taken 0 (throw)
       1*:   31:    assert(v.elementeUnice(0, 4) == 3);
        1:   31-block  0
call    0 returned 1
branch  1 taken 1 (fallthrough)
branch  2 taken 0 (throw)
        1:   31-block  1
branch  3 taken 0 (fallthrough)
branch  4 taken 1
    %%%%%:   31-block  2
call    5 never executed
branch  6 never executed
branch  7 never executed
        1:   31-block  3
    %%%%%:   31-block  4
        1:   32:    v.eliminaIntre(1, 3);
        1:   32-block  0
call    0 returned 1
branch  1 taken 1 (fallthrough)
branch  2 taken 0 (throw)
       1*:   33:    assert(v.dim() == 2);
        1:   33-block  0
call    0 returned 1
branch  1 taken 1 (fallthrough)
branch  2 taken 0 (throw)
        1:   33-block  1
branch  3 taken 0 (fallthrough)
branch  4 taken 1
    %%%%%:   33-block  2
call    5 never executed
branch  6 never executed
branch  7 never executed
        1:   33-block  3
    %%%%%:   33-block  4
        1:   34:    int i[5] = {-1, 3, 1, 1, 1};
        1:   35:    int j[5] = {1, 1, -1, 3, 0};
        6:   36:    for (int I = 0; I < 5; I ++)
        1:   36-block  0
        5:   36-block  1
        6:   36-block  2
branch  0 taken 5
branch  1 taken 1 (fallthrough)
        -:   37:        try{
        5:   38:            v.eliminaIntre(i[I], j[I]);
        5:   38-block  0
call    0 returned 5
branch  1 taken 0 (fallthrough)
branch  2 taken 5 (throw)
        5:   39:        }catch(int error){
        5:   39-block  0
branch  0 taken 0 (fallthrough)
branch  1 taken 5
        5:   39-block  1
call    2 returned 5
        5:   40:            assert(error == -1);
branch  0 taken 0 (fallthrough)
branch  1 taken 5
    $$$$$:   40-block  0
call    2 never executed
branch  3 never executed
branch  4 never executed
        5:   40-block  1
    $$$$$:   40-block  2
        5:   41:        }
        5:   41-block  0
call    0 returned 5
    $$$$$:   41-block  1
call    1 never executed
        1:   42:}
        1:   42-block  0
call    0 returned 1
    $$$$$:   42-block  1
call    1 never executed
