        -:    0:Source:D:/Facultate/An1/Sem2/SDA/SDA_Lab1_TAD_Vector_Dinamic/Code/main.cpp
        -:    0:Graph:D:\Facultate\An1\Sem2\SDA\SDA_Lab1_TAD_Vector_Dinamic\Code\cmake-build-debug-coverage\CMakeFiles\Code.dir\main.cpp.gcno
        -:    0:Data:D:\Facultate\An1\Sem2\SDA\SDA_Lab1_TAD_Vector_Dinamic\Code\cmake-build-debug-coverage\CMakeFiles\Code.dir\main.cpp.gcda
        -:    0:Runs:1
        -:    1:#include <iostream>
        -:    2:#include "tests.h"
        -:    3:
        -:    4:void testAll();
        -:    5:
function main called 1 returned 100% blocks executed 100%
        1:    6:int main() {
        1:    7:    testAll();
        1:    7-block  0
call    0 returned 1
        1:    8:    std::cout << "OK!\n";
call    0 returned 1
        1:    9:    return 0;
        -:   10:}
        -:   11:
function _Z7testAllv called 1 returned 100% blocks executed 100%
        1:   12:void testAll() {
        1:   13:    testScurt();
        1:   13-block  0
call    0 returned 1
        1:   14:    testExtins();
call    0 returned 1
        1:   15:}
